<?xml version="1.0" encoding="UTF-8"?>
<!-- Generated by org.testng.reporters.JUnitReportReporter -->
<testsuite name="Dummytestcase.IntegrationJenkins.DummyTestcase" tests="1" time="0.009" ignored="0" failures="0" timestamp="08 May 2020 21:25:44 GMT" skipped="0" hostname="LAPTOP-LPNPORI3" errors="0">
  <testcase name="testcase" time="0.009" classname="Dummytestcase.IntegrationJenkins.DummyTestcase"/>
</testsuite> <!-- Dummytestcase.IntegrationJenkins.DummyTestcase -->
