<?xml version="1.0" encoding="UTF-8"?>
<!-- Generated by org.testng.reporters.JUnitReportReporter -->
<testsuite hostname="LAPTOP-LPNPORI3" name="org.testing.testScripts.TC6" tests="1" failures="0" timestamp="31 May 2020 12:15:18 GMT" time="67.352" errors="0">
  <testcase name="videoPlayAndSubscribe" time="67.352" classname="org.testing.testScripts.TC6"/>
</testsuite> <!-- org.testing.testScripts.TC6 -->
