<?xml version="1.0" encoding="UTF-8"?>
<!-- Generated by org.testng.reporters.JUnitReportReporter -->
<testsuite hostname="LAPTOP-LPNPORI3" name="org.testing.testScripts.TC3" tests="1" failures="0" timestamp="31 May 2020 12:01:12 GMT" time="155.930" errors="0">
  <testcase name="libraryClick" time="155.930" classname="org.testing.testScripts.TC3"/>
</testsuite> <!-- org.testing.testScripts.TC3 -->
