<?xml version="1.0" encoding="UTF-8"?>
<!-- Generated by org.testng.reporters.JUnitReportReporter -->
<testsuite hostname="LAPTOP-LPNPORI3" name="org.testing.testScripts.TC1" tests="1" failures="0" timestamp="31 May 2020 12:13:58 GMT" time="123.840" errors="0">
  <testcase name="trendingClick" time="123.840" classname="org.testing.testScripts.TC1"/>
</testsuite> <!-- org.testing.testScripts.TC1 -->
