<?xml version="1.0" encoding="UTF-8"?>
<!-- Generated by org.testng.reporters.JUnitReportReporter -->
<testsuite hostname="LAPTOP-LPNPORI3" name="org.testing.testScripts.TC7" tests="1" failures="0" timestamp="31 May 2020 12:17:17 GMT" time="78.032" errors="0">
  <testcase name="videoPlayAndComment" time="78.032" classname="org.testing.testScripts.TC7"/>
</testsuite> <!-- org.testing.testScripts.TC7 -->
