<?xml version="1.0" encoding="UTF-8"?>
<!-- Generated by org.testng.reporters.JUnitReportReporter -->
<testsuite hostname="LAPTOP-LPNPORI3" name="org.testing.testScripts.TC5" tests="1" failures="0" timestamp="31 May 2020 12:01:12 GMT" time="82.589" errors="0">
  <testcase name="videoPlayAndLike" time="82.589" classname="org.testing.testScripts.TC5"/>
</testsuite> <!-- org.testing.testScripts.TC5 -->
