<?xml version="1.0" encoding="UTF-8"?>
<!-- Generated by org.testng.reporters.JUnitReportReporter -->
<testsuite hostname="LAPTOP-LPNPORI3" name="org.testing.TestScripts.TC5" tests="1" failures="0" timestamp="13 Oct 2019 16:28:57 GMT" time="38.885" errors="0">
  <testcase name="loginAndHistoryClick" time="38.885" classname="org.testing.TestScripts.TC5"/>
</testsuite> <!-- org.testing.TestScripts.TC5 -->
