<?xml version="1.0" encoding="UTF-8"?>
<!-- Generated by org.testng.reporters.JUnitReportReporter -->
<testsuite hostname="LAPTOP-LPNPORI3" name="org.testing.TestScripts.TC2" tests="1" failures="0" timestamp="1 Oct 2019 09:59:58 GMT" time="31.458" errors="0">
  <testcase name="loginandSubscriptionClick" time="31.458" classname="org.testing.TestScripts.TC2"/>
</testsuite> <!-- org.testing.TestScripts.TC2 -->
