<?xml version="1.0" encoding="UTF-8"?>
<!-- Generated by org.testng.reporters.JUnitReportReporter -->
<testsuite hostname="LAPTOP-LPNPORI3" name="org.testing.TestScripts.TC5" tests="1" failures="0" timestamp="1 Oct 2019 09:59:58 GMT" time="31.594" errors="0">
  <testcase name="loginAndHistoryClick" time="31.594" classname="org.testing.TestScripts.TC5"/>
</testsuite> <!-- org.testing.TestScripts.TC5 -->
