<?xml version="1.0" encoding="UTF-8"?>
<!-- Generated by org.testng.reporters.JUnitReportReporter -->
<testsuite name="org.testing.TestScripts.TC10" tests="1" time="0.536" ignored="0" failures="0" timestamp="04 May 2020 21:38:11 GMT" skipped="0" hostname="LAPTOP-LPNPORI3" errors="0">
  <testcase name="testCase10" time="0.536" classname="org.testing.TestScripts.TC10"/>
</testsuite> <!-- org.testing.TestScripts.TC10 -->
