<?xml version="1.0" encoding="UTF-8"?>
<!-- Generated by org.testng.reporters.JUnitReportReporter -->
<testsuite name="org.testing.TestScripts.TC9" tests="1" time="3.528" ignored="0" failures="0" timestamp="18 Apr 2020 15:20:58 GMT" skipped="0" hostname="LAPTOP-LPNPORI3" errors="0">
  <testcase name="testcase9" time="3.528" classname="org.testing.TestScripts.TC9"/>
</testsuite> <!-- org.testing.TestScripts.TC9 -->
