<?xml version="1.0" encoding="UTF-8"?>
<!-- Generated by org.testng.reporters.JUnitReportReporter -->
<testsuite name="org.testing.TestScripts.TC6" tests="1" time="1.643" ignored="0" failures="0" timestamp="10 Apr 2020 16:00:51 GMT" skipped="0" hostname="LAPTOP-LPNPORI3" errors="0">
  <testcase name="testcase6" time="1.643" classname="org.testing.TestScripts.TC6"/>
</testsuite> <!-- org.testing.TestScripts.TC6 -->
