<?xml version="1.0" encoding="UTF-8"?>
<!-- Generated by org.testng.reporters.JUnitReportReporter -->
<testsuite name="org.testing.TestScripts.TC6" tests="1" time="3.117" ignored="0" failures="0" timestamp="13 Apr 2020 19:42:28 GMT" skipped="0" hostname="LAPTOP-LPNPORI3" errors="0">
  <testcase name="testcase6" time="3.117" classname="org.testing.TestScripts.TC6"/>
</testsuite> <!-- org.testing.TestScripts.TC6 -->
