<?xml version="1.0" encoding="UTF-8"?>
<!-- Generated by org.testng.reporters.JUnitReportReporter -->
<testsuite name="org.testing.TestScripts.TC3" tests="1" time="0.030" ignored="0" failures="0" timestamp="13 Apr 2020 19:30:16 GMT" skipped="0" hostname="LAPTOP-LPNPORI3" errors="0">
  <testcase name="testcase3" time="0.030" classname="org.testing.TestScripts.TC3"/>
</testsuite> <!-- org.testing.TestScripts.TC3 -->
